<?xml version="1.0" encoding="UTF-8"?>
<!-- Generated by org.testng.reporters.JUnitReportReporter -->
<testsuite hostname="Venkatesh" failures="0" tests="4" name="com.api.test.UserModuleTestCases_readDataFromPropertyFile" time="8.064" errors="0" timestamp="2025-06-15T12:34:21 IST" skipped="0">
  <testcase classname="com.api.test.UserModuleTestCases_readDataFromPropertyFile" name="testUserCreation" time="2.867"/>
  <testcase classname="com.api.test.UserModuleTestCases_readDataFromPropertyFile" name="testGetUser" time="1.330"/>
  <testcase classname="com.api.test.UserModuleTestCases_readDataFromPropertyFile" name="testUpdateUser" time="2.582"/>
  <testcase classname="com.api.test.UserModuleTestCases_readDataFromPropertyFile" name="testDeleteUser" time="1.285"/>
</testsuite> <!-- com.api.test.UserModuleTestCases_readDataFromPropertyFile -->
